<?xml version="1.0" encoding="UTF-8"?>
<!-- Generated by org.testng.reporters.JUnitReportReporter -->
<testsuite skipped="0" hostname="Chaitras-MacBook-Pro-3.local" name="mmpsqadron_test.AddFees" tests="1" failures="0" timestamp="04 Apr 2020 06:53:07 GMT" time="2.723" errors="0">
  <testcase name="addNewFee" time="2.723" classname="mmpsqadron_test.AddFees"/>
</testsuite> <!-- mmpsqadron_test.AddFees -->
