<?xml version="1.0" encoding="UTF-8"?>
<!-- Generated by org.testng.reporters.JUnitReportReporter -->
<testsuite skipped="0" hostname="Chaitras-MacBook-Pro-3.local" name="mmpsqadron_test.PayFeesTest" tests="1" failures="0" timestamp="10 Apr 2020 02:57:58 GMT" time="85.085" errors="0">
  <testcase name="payFees" time="85.085" classname="mmpsqadron_test.PayFeesTest"/>
</testsuite> <!-- mmpsqadron_test.PayFeesTest -->
