<?xml version="1.0" encoding="UTF-8"?>
<!-- Generated by org.testng.reporters.JUnitReportReporter -->
<testsuite skipped="0" hostname="Chaitras-MacBook-Pro-3.local" name="mmpsqadron_test.AddFeesTest" tests="1" failures="0" timestamp="08 Apr 2020 06:23:04 GMT" time="74.406" errors="0">
  <testcase name="addNewFee" time="74.406" classname="mmpsqadron_test.AddFeesTest"/>
</testsuite> <!-- mmpsqadron_test.AddFeesTest -->
