<?xml version="1.0" encoding="UTF-8"?>
<!-- Generated by org.testng.reporters.JUnitReportReporter -->
<testsuite skipped="0" hostname="Chaitras-MacBook-Pro-3.local" name="healthcareproject.MakeAppointmentsNew" tests="1" failures="0" timestamp="27 Feb 2020 02:16:01 GMT" time="43.206" errors="0">
  <testcase name="validateSearchResults" time="43.206" classname="healthcareproject.MakeAppointmentsNew"/>
</testsuite> <!-- healthcareproject.MakeAppointmentsNew -->
