<?xml version="1.0" encoding="UTF-8"?>
<!-- Generated by org.testng.reporters.JUnitReportReporter -->
<testsuite skipped="0" hostname="Chaitras-MacBook-Pro-3.local" name="mmpsqadron_test.ScheduleAppointment_Tests" tests="1" failures="0" timestamp="04 Apr 2020 06:14:28 GMT" time="19.379" errors="0">
  <testcase name="validateScheduleAppointment" time="19.379" classname="mmpsqadron_test.ScheduleAppointment_Tests"/>
</testsuite> <!-- mmpsqadron_test.ScheduleAppointment_Tests -->
